[debug] [2023-10-31T00:01:31.405Z] ----------------------------------------------------------------------
[debug] [2023-10-31T00:01:31.406Z] Command:       /Users/carlgrossbroehmer/.nvm/versions/node/v18.16.0/bin/node /Users/carlgrossbroehmer/.nvm/versions/node/v18.16.0/bin/firebase init
[debug] [2023-10-31T00:01:31.406Z] CLI Version:   12.7.0
[debug] [2023-10-31T00:01:31.407Z] Platform:      darwin
[debug] [2023-10-31T00:01:31.407Z] Node Version:  v18.16.0
[debug] [2023-10-31T00:01:31.407Z] Time:          Tue Oct 31 2023 01:01:31 GMT+0100 (Central European Standard Time)
[debug] [2023-10-31T00:01:31.407Z] ----------------------------------------------------------------------
[debug] 
[debug] [2023-10-31T00:01:31.409Z] > command requires scopes: ["email","openid","https://www.googleapis.com/auth/cloudplatformprojects.readonly","https://www.googleapis.com/auth/firebase","https://www.googleapis.com/auth/cloud-platform"]
[debug] [2023-10-31T00:01:31.410Z] > authorizing via signed-in user (c.gbroehmer@gmail.com)
[info] 
     ######## #### ########  ######## ########     ###     ######  ########
     ##        ##  ##     ## ##       ##     ##  ##   ##  ##       ##
     ######    ##  ########  ######   ########  #########  ######  ######
     ##        ##  ##    ##  ##       ##     ## ##     ##       ## ##
     ##       #### ##     ## ######## ########  ##     ##  ######  ########

You're about to initialize a Firebase project in this directory:

  /Users/carlgrossbroehmer/tests/wichteln

[info] 
=== Project Setup
[info] 
[info] First, let's associate this project directory with a Firebase project.
[info] You can create multiple project aliases by running firebase use --add, 
[info] but for now we'll just set up a default project.
[info] 
[debug] [2023-10-31T00:03:13.228Z] >>> [apiv2][query] GET https://firebase.googleapis.com/v1beta1/projects pageSize=100
[debug] [2023-10-31T00:03:13.807Z] <<< [apiv2][status] GET https://firebase.googleapis.com/v1beta1/projects 200
[debug] [2023-10-31T00:03:13.807Z] <<< [apiv2][body] GET https://firebase.googleapis.com/v1beta1/projects [omitted]
[info] i  Using project testproject-371ff (testproject) 
[info] 
=== Hosting Setup
[info] 
[info] Your public directory is the folder (relative to your project directory) that
[info] will contain Hosting assets to be uploaded with firebase deploy. If you
[info] have a build process for your assets, use your build's output directory.
[info] 
[info] ✔  Wrote public/404.html 
[debug] [2023-10-31T00:05:08.298Z] >>> [apiv2][query] GET https://www.gstatic.com/firebasejs/releases.json [none]
[debug] [2023-10-31T00:05:08.408Z] <<< [apiv2][status] GET https://www.gstatic.com/firebasejs/releases.json 200
[debug] [2023-10-31T00:05:08.409Z] <<< [apiv2][body] GET https://www.gstatic.com/firebasejs/releases.json {"current":{"version":"10.5.2","browserURL":"https://www.gstatic.com/firebasejs/10.5.2/firebase.js","packageURL":"https://www.gstatic.com/firebasejs/10.5.2/firebase.tgz"},"live":{"version":"10.5","browserURL":"https://www.gstatic.com/firebasejs/live/10.5/firebase.js","packageURL":"https://www.gstatic.com/firebasejs/live/10.5/firebase.tgz"},"components":{"analytics":"https://www.gstatic.com/firebasejs/10.5.2/firebase-analytics.js","app":"https://www.gstatic.com/firebasejs/10.5.2/firebase-app.js","app-check":"https://www.gstatic.com/firebasejs/10.5.2/firebase-app-check.js","auth":"https://www.gstatic.com/firebasejs/10.5.2/firebase-auth.js","auth/cordova":"https://www.gstatic.com/firebasejs/10.5.2/firebase-auth/cordova.js","functions":"https://www.gstatic.com/firebasejs/10.5.2/firebase-functions.js","firestore":"https://www.gstatic.com/firebasejs/10.5.2/firebase-firestore.js","firestore/lite":"https://www.gstatic.com/firebasejs/10.5.2/firebase-firestore/lite.js","installations":"https://www.gstatic.com/firebasejs/10.5.2/firebase-installations.js","storage":"https://www.gstatic.com/firebasejs/10.5.2/firebase-storage.js","performance":"https://www.gstatic.com/firebasejs/10.5.2/firebase-performance.js","remote-config":"https://www.gstatic.com/firebasejs/10.5.2/firebase-remote-config.js","messaging":"https://www.gstatic.com/firebasejs/10.5.2/firebase-messaging.js","messaging/sw":"https://www.gstatic.com/firebasejs/10.5.2/firebase-messaging/sw.js","database":"https://www.gstatic.com/firebasejs/10.5.2/firebase-database.js","firestore.memory":"https://www.gstatic.com/firebasejs/10.5.2/firebase-firestore.memory.js"}}
[info] i  Skipping write of public/index.html 
[info] 
[info] i  Detected a .git folder at /Users/carlgrossbroehmer/tests/wichteln 
[info] i  Authorizing with GitHub to upload your service account to a GitHub repository's secrets store. 
[info] 
[info] Visit this URL on this device to log in:
[info] https://github.com/login/oauth/authorize?client_id=89cf50f02ac6aaed3484&state=792474049&redirect_uri=http%3A%2F%2Flocalhost%3A9005&scope=read%3Auser%20repo%20public_repo
[info] 
[info] Waiting for authentication...
[debug] [2023-10-31T00:10:29.689Z] >>> [apiv2][query] POST https://github.com/login/oauth/access_token [none]
[debug] [2023-10-31T00:10:29.690Z] >>> [apiv2][body] POST https://github.com/login/oauth/access_token [stream]
[debug] [2023-10-31T00:10:29.948Z] <<< [apiv2][status] POST https://github.com/login/oauth/access_token 200
[debug] [2023-10-31T00:10:29.948Z] <<< [apiv2][body] POST https://github.com/login/oauth/access_token {"access_token":"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","token_type":"bearer","scope":"read:user,repo"}
[debug] [2023-10-31T00:10:29.953Z] >>> [apiv2][query] GET https://api.github.com/user [none]
[debug] [2023-10-31T00:10:30.198Z] <<< [apiv2][status] GET https://api.github.com/user 200
[debug] [2023-10-31T00:10:30.198Z] <<< [apiv2][body] GET https://api.github.com/user {"login":"Crlbrwrth","id":24847431,"node_id":"MDQ6VXNlcjI0ODQ3NDMx","avatar_url":"https://avatars.githubusercontent.com/u/24847431?v=4","gravatar_id":"","url":"https://api.github.com/users/Crlbrwrth","html_url":"https://github.com/Crlbrwrth","followers_url":"https://api.github.com/users/Crlbrwrth/followers","following_url":"https://api.github.com/users/Crlbrwrth/following{/other_user}","gists_url":"https://api.github.com/users/Crlbrwrth/gists{/gist_id}","starred_url":"https://api.github.com/users/Crlbrwrth/starred{/owner}{/repo}","subscriptions_url":"https://api.github.com/users/Crlbrwrth/subscriptions","organizations_url":"https://api.github.com/users/Crlbrwrth/orgs","repos_url":"https://api.github.com/users/Crlbrwrth/repos","events_url":"https://api.github.com/users/Crlbrwrth/events{/privacy}","received_events_url":"https://api.github.com/users/Crlbrwrth/received_events","type":"User","site_admin":false,"name":"Carl Großbröhmer","company":null,"blog":"","location":"Berlin","email":null,"hireable":null,"bio":"hi","twitter_username":null,"public_repos":3,"public_gists":0,"followers":15,"following":1,"created_at":"2016-12-30T21:54:31Z","updated_at":"2023-10-31T00:06:22Z","private_gists":0,"total_private_repos":11,"owned_private_repos":11,"disk_usage":10990,"collaborators":2,"two_factor_authentication":false,"plan":{"name":"free","space":976562499,"collaborators":0,"private_repos":10000}}
[info] 
[info] ✔  Success! Logged into GitHub as Crlbrwrth 
[info] 
